#
# A fatal error has been detected by the Java Runtime Environment:
#
#  SIGBUS (0x7) at pc=0x00007f090473cd10, pid=4147, tid=0x00007f089a8f0700
#
# JRE version: Java(TM) SE Runtime Environment (8.0_201-b09) (build 1.8.0_201-b09)
# Java VM: Java HotSpot(TM) 64-Bit Server VM (25.201-b09 mixed mode linux-amd64 compressed oops)
# Problematic frame:
# C  [libzip.so+0x11d10]  newEntry.isra.4+0x60
#
# Failed to write core dump. Core dumps have been disabled. To enable core dumping, try "ulimit -c unlimited" before starting Java again
#
# If you would like to submit a bug report, please visit:
#   http://bugreport.java.com/bugreport/crash.jsp
# The crash happened outside the Java Virtual Machine in native code.
# See problematic frame for where to report the bug.
#

---------------  T H R E A D  ---------------

Current thread (0x00007f08a432d000):  JavaThread "restartedMain" [_thread_in_native, id=5202, stack(0x00007f089a7f0000,0x00007f089a8f1000)]

siginfo: si_signo: 7 (SIGBUS), si_code: 2 (BUS_ADRERR), si_addr: 0x00007f08e99030f8

Registers:
RAX=0x00007f08b0c83180, RBX=0x00007f090033cf10, RCX=0x00007f08780008d0, RDX=0x00007f08b0c83180
RSP=0x00007f089a8ed2b0, RBP=0x00007f089a8ed320, RSI=0x00007f08780008e8, RDI=0x00007f087827ba60
R8 =0x000000006f80a063, R9 =0x000000000000001b, R10=0x00007f08f112b898, R11=0x00000000d7dd1f60
R12=0x00000000000010da, R13=0x000000006f80a063, R14=0x00007f08b0c83180, R15=0x00007f08e99030da
RIP=0x00007f090473cd10, EFLAGS=0x0000000000010202, CSGSFS=0x002b000000000033, ERR=0x0000000000000004
  TRAPNO=0x000000000000000e

Top of Stack: (sp=0x00007f089a8ed2b0)
0x00007f089a8ed2b0:   00007f089a8ed2d0 00007f08a432d1f8
0x00007f089a8ed2c0:   00007f08e89d93f8 00007f08b075be88
0x00007f089a8ed2d0:   00007f08ebeab3d8 00007f08a432d000
0x00007f089a8ed2e0:   00007f08ebeab3d8 00000000064396e1
0x00007f089a8ed2f0:   000000000000001b 00007f090033d0b0
0x00007f089a8ed300:   000000000000001b 000000006f80a063
0x00007f089a8ed310:   00007f090033cf10 00007f087846e3d0
0x00007f089a8ed320:   00007f089a8ed370 00007f090473d9fe
0x00007f089a8ed330:   010000000000001b 00007f089a8ed390
0x00007f089a8ed340:   0000000000000000 000000000000001b
0x00007f089a8ed350:   00007f08a432d1f8 00007f089a8ed7e8
0x00007f089a8ed360:   00007f089a8ed390 00007f090033cf10
0x00007f089a8ed370:   00007f089a8ed7d0 00007f090472ea75
0x00007f089a8ed380:   00007f089a8ed3c0 00007f0900000001
0x00007f089a8ed390:   69616d672f6d6f63 666965736f6a2f6c
0x00007f089a8ed3a0:   542f353130326270 00007f08002f4343
0x00007f089a8ed3b0:   00007f08ec4ddd60 00007f089a8ed368
0x00007f089a8ed3c0:   00007f089a8ed3a9 0000000800000002
0x00007f089a8ed3d0:   00007f0800000000 00007f08ec122b30
0x00007f089a8ed3e0:   0000000000000000 00007f08a432d000
0x00007f089a8ed3f0:   00007f089a8ed470 00007f08a432d1f8
0x00007f089a8ed400:   00007f08a432d000 00007f08ec1244d8
0x00007f089a8ed410:   00007f089a8ed590 00007f090623dd0b
0x00007f089a8ed420:   00007f080000000d 00007f08780016b8
0x00007f089a8ed430:   00007f08f16d68e0 0000003000000018
0x00007f089a8ed440:   00007f089a8ed5a0 00007f08e8a97dd0
0x00007f089a8ed450:   00007f08a432d000 0000000000000000
0x00007f089a8ed460:   00007f089a8ee550 00007f08ec1244b8
0x00007f089a8ed470:   00007f0906a60de8 00007f09075da8e0
0x00007f089a8ed480:   000000009a8ed550 00007f080000000d
0x00007f089a8ed490:   00007f089a8ed360 0000003000000020
0x00007f089a8ed4a0:   00007f089a8ed5a0 00007f089a8ed4b0 

Instructions: (pc=0x00007f090473cd10)
0x00007f090473ccf0:   00 00 00 48 c7 40 28 00 00 00 00 4d 8b 24 24 0f
0x00007f090473cd00:   84 1b 01 00 00 4c 2b 63 28 4c 8b 7b 18 4d 01 e7
0x00007f090473cd10:   41 0f b7 47 1e 45 0f b7 6f 1c 45 31 e4 66 89 45
0x00007f090473cd20:   ca 41 0f b7 47 20 44 89 ea 66 89 45 c8 41 8b 47 

Register to memory mapping:

RAX=0x00007f08b0c83180 is an unknown value
RBX=0x00007f090033cf10 is an unknown value
RCX=0x00007f08780008d0 is an unknown value
RDX=0x00007f08b0c83180 is an unknown value
RSP=0x00007f089a8ed2b0 is pointing into the stack for thread: 0x00007f08a432d000
RBP=0x00007f089a8ed320 is pointing into the stack for thread: 0x00007f08a432d000
RSI=0x00007f08780008e8 is an unknown value
RDI=0x00007f087827ba60 is an unknown value
R8 =0x000000006f80a063 is an unknown value
R9 =0x000000000000001b is an unknown value
R10=0x00007f08f112b898 is at entry_point+88 in (nmethod*)0x00007f08f112b6d0
R11=0x00000000d7dd1f60 is an oop
